Arguments: 
  /usr/local/bin/node /usr/local/Cellar/yarn/1.22.5/libexec/bin/yarn.js add normalize-scss

PATH: 
  /usr/local/opt/ruby/bin:/usr/local/bin:/usr/bin:/bin:/usr/sbin:/sbin:/Library/Apple/usr/bin:/usr/local/opt/ruby/bin

Yarn version: 
  1.22.5

Node version: 
  14.15.0

Platform: 
  darwin x64

Trace: 
  Error: https://artifactory.workjam.com/artifactory/api/npm/npm/gatsby: Request "https://artifactory.workjam.com/artifactory/api/npm/npm/gatsby" returned a 403
      at Request.params.callback [as _callback] (/usr/local/Cellar/yarn/1.22.5/libexec/lib/cli.js:66997:18)
      at Request.self.callback (/usr/local/Cellar/yarn/1.22.5/libexec/lib/cli.js:140749:22)
      at Request.emit (events.js:315:20)
      at Request.<anonymous> (/usr/local/Cellar/yarn/1.22.5/libexec/lib/cli.js:141721:10)
      at Request.emit (events.js:315:20)
      at IncomingMessage.<anonymous> (/usr/local/Cellar/yarn/1.22.5/libexec/lib/cli.js:141643:12)
      at Object.onceWrapper (events.js:421:28)
      at IncomingMessage.emit (events.js:327:22)
      at endReadableNT (_stream_readable.js:1327:12)
      at processTicksAndRejections (internal/process/task_queues.js:80:21)

npm manifest: 
  {
    "name": "miss-pralina",
    "version": "1.0.0",
    "private": true,
    "description": "Miss Pralina",
    "author": "Jérôme D.Soucy",
    "keywords": [
      "gatsby"
    ],
    "scripts": {
      "develop": "gatsby develop",
      "start": "gatsby develop",
      "build": "gatsby build",
      "serve": "gatsby serve",
      "clean": "gatsby clean",
      "deploy": "gatsby build && firebase deploy"
    },
    "dependencies": {
      "gatsby": "^3.6.2",
      "gatsby-plugin-google-analytics": "^3.7.1",
      "gatsby-plugin-sass": "^4.7.1",
      "react": "^17.0.1",
      "react-dom": "^17.0.1",
      "sass": "^1.34.1"
    }
  }

yarn manifest: 
  No manifest

Lockfile: 
  No lockfile
